419504
96295
365236
650552
114964
673092
464114
570736
481532
121326
64291
627589
278318
56546
413182
159607
313038
411163
654141
392922
637581
358972
356512
806966
719324
755158
206101
49049
7285
244319
208205
77015
623675
371150
538836
96136
623908
610292
656473
119999
320041
427703
80158
141749
532721
21142
320170
693914
514308
455774
370443
98794
516090
582447
621868
341450
334557
32729
103186
497681
122368
214305
264691
608764
537406
531450
411243
270078
541493
424550
682838
153343
587951
335339
159656
477065
85666
579258
748579
584140
156188
108870
267092
375160
589319
326742
281122
675476
276165
315874
870048
680019
400839
718424
764274
115259
216763
544495
111864
632479
513358
620702
343891
791557
628319
74799
730822
460653
154129
474115
137049
440884
410690
430384
345382
72618
494523
598302
540724
668278
316158
140902
745257
1687
734609
488682
186596
308975
99133
579238
235214
665372
900114
735120
365373
542029
293570
294607
201828
300686
413492
507354
44419
24501
242387
72481
327519
380479
803436
461898
150127
112610
432476
417115
796741
312895
571087
687237
211562
477691
658065
366513
72501
541286
200530
176136
550361
847989
211075
181543
145239
477499
463586
628739
46427
57317
678860
103582
509364
532366
677135
472376
257299
596293
655426
700581
237106
160055
674265
663842
14648
411507
679921
730930
220775
73395
37945
488316
308443
326034
283576
175963
284123
395766
387522
316424
590654
11930
347884
662736
29949
323693
621373
479149
725553
537594
503523
640372
113313
447392
494522
170763
589279
132867
185464
175375
164762
489
272368
541124
440531
693137
582926
186447
73185
210901
516529
169446
123862
272035
433659
308522
436779
539900
108244
201415
269193
727647
410254
222175
103715
134417
355639
719025
195205
679200
859863
108196
561624
385406
483086
12007
327475
561698
304070
213675
101703
690185
347471
540353
686413
465039
385868
548112
628850
238875
628939
788898
72256
541567
808132
123006
127216
487409
617226
563325
317904
202485
444169
108727
619024
545825
652274
374234
57386
443385
646674
416284
617244
868433
772632
879517
408206
560916
262722
64091
322412
107480
384396
321600
383083
593386
369899
473225
497876
929723
491041
493593
328913
559704
152816
527490
285620
631206
562328
351241
143782
384434
469090
396905
86279
593041
594150
602592
348259
445494
441363
342758
492387
467698
59057
310320
102645
400765
81322
631345
568826
185457
616719
148095
43653
785627
515141
397265
186065
552194
317831
34757
698234
456039
420854
678229
157250
355531
151571
84397
276842
477369
728500
164556
581895
66692
353206
588939
113225
105836
737335
886999
449380
294268
612395
330027
557579
85916
601577
42718
29373
293652
589218
673747
706620
16337
428803
540940
662254
577770
287152
140714
787009
182697
524665
227574
413760
612336
459980
326764
874884
12201
168005
643113
148304
74978
432790
232096
235070
32971
200601
153046
52292
332270
86881
518839
310976
61863
96858
33397
413831
840006
175613
401519
79358
276623
671983
376399
478753
405679
573043
550758
89788
184421
639867
643127
554162
459986
311891
296611
153616
705536
503569
611411
245167
469663
213513
331286
745741
516738
206123
783257
7116
253172
321808
125808
223923
23474
660804
699809
467753
238582
310771
86402
57771
672008
329599
27243
92658
566652
811933
71406
423904
316881
113240
109416
147630
174648
366485
583356
403161
117736
4361
26139
607168
408664
658244
504413
589476
314244
55232
281780
399311
262313
29461
210489
86108
265331
29181
566193
436055
345922
71844
312922
593289
380501
83438
473852
320892
276033
564234
559772
423946
245748
184463
188687
25286
414733
711301
758784
370400
292039
215295
361349
71713
577517
269584
269864
270161
578345
261311
450553
273575
291751
55925
105907
285635
5218
193262
198203
337705
457018
515858
478286
144118
390422
247764
320513
630142
765072
445181
75841
240538
629042
552576
322261
377160
593678
78744
430010
376506
333731
401171
682375
358568
779270
465571
363340
517675
563093
300661
325091
215424
404521
156765
379916
126767
109824
93214
627941
345358
45641
117257
189912
241237
84306
83092
323431
638357
636556
584926
76091
598738
397570
375827
158579
245572
708451
428148
242704
496632
510333
563423
651774
332732
399743
274503
548148
522543
179264
61416
266073
161946
659719
498470
141145
297050
699104
103906
305750
178056
269892
548765
95718
160838
137364
308199
15713
147055
283149
239248
271461
199224
759229
136286
98251
147635
103629
238754
713495
822678
502930
271718
170044
170985
408032
338879
6209
752472
919197
450070
466983
511098
5101
641974
437337
270109
405511
601858
230113
104092
482121
36734
569881
255595
363338
183792
302878
348702
621679
499223
22286
382575
322075
268676
703465
323778
129083
59233
492222
319033
113407
523127
799231
12994
62569
233300
440056
845682
406514
414608
204896
218794
32244
226609
76661
195044
650105
691243
455662
75556
663782
33751
735849
396964
759554
819613
831390
480341
648310
159533
438350
263791
50849
222050
44298
180423
318485
565621
177444
390431
599451
505907
429028
461706
203818
311579
24497
491515
350821
281323
402098
846570
404107
187422
296312
360951
969737
377583
405681
549413
113808
120546
514637
525434
253962
181124
7601
188801
440081
146577
189681
746807
37211
431213
192130
415207
260446
529410
498372
294261
640789
255734
279244
343187
373052
414849
381975
219953
457255
498471
659630
589073
162085
238524
258526
190474
254899
511527
338246
243131
207635
661341
782827
117449
525198
201219
193415
175560
231320
181845
414948
409933
185914
1926368
7301812
3724442
9683197
10193077
4858039
3629266
14741654
14544758
5592534
6849465
2906316
2850470
9713311
3246780
9038131
29476
7538993
3523176
4944537
13290347
9361839
814741
6418983
8896582
4986682
12640706
4742714
12132148
4101131
1968097
8781180
11011599
4009149
7972983
7547786
9682218
472214
10814053
4383763
6913944
2361010
4058627
5210012
9407338
3808904
7724910
1945366
8786448
7680642
3604608
8407987
1270648
12292246
4756932
5407338
3240742
5870726
8269939
6113972
1362805
2087716
1987144
1823808
13817992
1410228
4975785
9173906
12878358
13284062
442059
7337666
7414531
9731457
8057746
5654466
3612700
9309991
500273
11322796
5219498
9976499
13527863
14364015
6142253
12757767
6918013
2551174
11467359
375494
5520020
10972783
1543602
3202523
1159027
13819115
10005926
2558569
14479828
13687675
12625985
880998
3315278
730571
6005299
3724788
2904347
691172
8520838
421340
1777224
1248396
2564536
12829815
7408753
5345989
11054951
11252181
13654835
6514975
5636959
5376904
1544408
1966113
181674
12433277
4294638
1477
59885
7301028
10887471
1994314
4788727
161306
10672079
6892550
98307
4354327
6069049
1008559
2386382
11622864
973526
766380
10267979
4373743
8082926
2747361
1419062
5195412
13464703
11109951
9796044
7622777
3157559
952006
5270364
4898231
10610302
7219747
8710016
3206732
13519188
12152000
6081541
6067231
8368900
3710252
4737723
6685588
3943742
12669845
9020489
3715873
11801143
14374578
3142905
2974102
14217305
6014796
13783952
3095300
8285967
9771654
5977099
11018093
11848934
12544544
14458453
9148659
14277449
14051886
4457337
14026086
12001113
626260398
936624264
488068538
1185201796
2569937640
