1161867639420888072362
1081652079381887861295
1019723923114824960317
1111664976362925509925
1196701167006816507993
1108874811492360114501
1200092411774424301699
1133126679933070257164
1187329282424416452361
1134211667493328851428
1106885202255264295220
1031671793654954118876
1251057227803388171018
1204881646189206851955
1217009094869978685657
1242064893729398439397
1070581291252583207027
1188516047210625969561
1191959591720265349514
1254644807254795386297
1224414502232777995939
1242794580773808125280
1051685734468153646153
1199148785304553595372
1222811671500776980712
1137577891103977045466
1027034329436872397689
1171893420868016047489
1237636838239938347733
1126437014674913400833
1225784285326830220034
1238587574470748187490
1081169121926914623972
1094099956426487672499
1189552668194786500712
1029150037152612169059
1114989977563337964190
1180168400108991525494
1086879222617284919644
1179085593564530198107
1039922382812301481768
1174331787459906559930
1046593305337324327191
1039408667682456663852
1169261971961248245761
1056953998125993707108
1241887089367544816993
1240147941751052064124
1055136992897733929146
1088297726393984732953
1243471592192884950157
1237478212360487117458
1020112458906256733252
1187118927046425654729
1172242226035848232150
1182385398933611770503
1123913649255297791811
1175587708345862965792
1067858689606812793996
1149610997595790171097
1086548856037958048375
1017903532090790265886
1202167545231761314688
1053938018169865192040
1074844470546599680229
1023702303659081388683
1095427766925126408920
1227403111039718791804
1248180116704909639302
1126135074169975448677
1068910246849940189528
1174638176114140518159
1138642276675904425821
1086659045647345951225
1053088181220129380083
1105218579437746715295
1170100303286801649357
1132235627163562415741
1024427897740043080755
1104170890940858908750
1138432307559576140862
1015354626140835035976
1069460073323492852924
1146158529006293071884
1113594400778705300356
1088876600736751488848
1241562806942015071549
1035136382409092307762
1006512511030192380391
1116603270424061147804
1039358452296212685443
1155235999695161431645
1181690596727240703141
1038027493687675297799
1165919703838881583522
1231783425275887079463
1137337099101669619223
1253818560138082934471
1061322353883726203444
1230130754744764849551
