48
48
49
34
51
35
23
38
24
0
1
1
2
3
2
3
3
2
3
4
3
4
4
4
4
5
3
4
4
4
5
6
4
5
5
3
4
5
4
5
5
5
6
7
4
5
5
5
5
6
5
6
6
5
6
7
5
6
6
6
6
7
4
5
5
5
6
7
5
6
6
5
6
7
6
7
7
7
8
9
5
6
6
6
6
7
6
7
6
4
5
6
5
6
7
6
7
8
5
6
7
6
7
8
6
7
7
6
7
55
56
57
56
57
58
57
58
59
56
57
57
57
58
59
57
58
58
57
58
59
58
59
59
59
60
61
55
56
56
56
57
58
56
57
57
56
57
58
57
58
58
58
59
60
56
57
57
57
58
59
57
58
58
55
56
57
56
57
58
57
58
59
56
57
58
57
58
59
58
59
58
57
58
59
58
59
59
59
58
59
56
57
57
57
58
59
57
58
58
57
58
59
58
59
58
59
59
60
57
29
30
31
27
28
28
28
28
29
28
29
28
28
29
30
28
29
29
29
28
29
27
28
28
28
29
30
28
29
29
28
29
30
29
30
28
29
29
30
28
29
29
29
29
30
29
30
30
27
28
29
28
29
29
29
29
30
28
29
29
29
30
31
29
30
30
29
28
29
29
30
29
30
30
31
27
28
28
28
28
29
28
29
28
28
29
30
28
29
29
29
29
30
28
29
29
29
30
31
28
61
61
61
62
63
61
62
62
61
62
63
62
63
63
63
64
65
56
57
57
57
57
58
57
58
57
57
58
59
57
58
58
58
58
59
57
58
58
58
59
60
57
58
58
57
58
59
58
59
58
59
59
60
57
58
58
58
58
59
58
59
59
58
59
60
58
59
59
59
59
60
57
58
58
58
59
60
58
59
59
58
59
60
59
60
60
60
61
62
57
58
58
58
58
59
58
59
58
55
56
54
55
55
56
53
54
54
54
54
55
54
55
55
54
55
56
54
55
55
55
55
56
53
54
54
54
55
56
54
55
55
54
55
56
55
56
56
56
57
58
53
54
54
54
54
55
54
55
54
36
37
38
37
38
39
38
39
40
37
38
39
38
39
40
39
40
41
38
39
40
39
40
41
40
41
42
37
38
39
38
39
40
39
40
41
38
39
40
39
40
41
40
41
42
39
40
41
40
41
42
12
6
8
7
9
8
6
8
10
11
8
11
10
8
10
9
9
9
10
6
11
9
10
12
10
7
7
8
9
8
10
9
5
1
10
11
4
11
8
10
8
11
9
12
10
11
7
8
9
9
5
4
9
7
9
10
7
9
11
6
10
5
10
10
9
8
11
8
9
9
11
8
11
7
9
9
8
8
5
9
9
9
8
11
9
8
10
11
10
10
10
9
8
11
10
7
10
13
9
8
17
19
17
18
21
18
23
21
19
19
16
17
19
22
21
19
21
21
21
18
19
18
20
21
23
21
19
19
22
22
19
21
22
18
17
19
18
18
23
18
20
18
17
16
17
18
21
20
17
21
18
16
20
17
21
19
21
20
19
19
18
20
19
14
17
18
20
17
17
19
18
19
18
21
18
19
17
18
23
21
20
23
17
17
20
20
21
16
19
20
19
18
22
19
21
20
19
21
23
19
30
29
33
30
32
31
31
26
30
27
26
26
26
24
32
31
28
30
31
30
31
31
28
31
26
29
31
32
29
32
33
31
29
31
27
29
24
29
29
26
32
26
29
30
32
29
29
33
29
33
27
34
31
30
26
31
31
33
33
29
26
32
27
31
27
32
30
28
32
26
31
30
28
31
33
30
30
29
31
29
25
31
31
30
28
32
32
30
29
27
29
34
30
28
28
29
29
31
29
28
40
40
37
43
38
44
41
33
38
44
37
41
38
45
41
37
37
44
40
35
41
45
44
38
40
41
38
38
38
39
39
40
37
38
38
40
36
36
43
40
37
43
40
39
43
43
42
43
41
38
39
38
36
40
42
41
37
38
43
38
41
41
40
36
41
39
43
38
42
40
40
41
38
38
41
40
39
39
42
44
42
36
42
42
44
41
42
45
39
40
44
38
42
39
40
41
41
40
39
39
48
44
50
50
55
48
46
50
49
53
54
48
46
49
52
51
46
51
54
48
51
47
50
53
47
51
50
47
45
50
54
54
50
45
48
55
48
54
50
51
49
47
51
51
51
48
47
49
47
50
50
51
51
49
51
53
49
52
46
44
48
48
51
52
53
50
51
50
46
49
52
42
51
51
45
51
55
50
51
51
53
49
51
55
46
51
50
51
50
48
49
52
51
51
52
50
50
51
46
50
60
63
59
58
59
63
59
62
55
65
60
61
60
52
58
59
59
61
62
58
68
62
58
61
62
60
56
63
56
60
61
61
63
62
59
59
57
61
58
60
63
58
58
62
60
59
59
59
60
57
60
53
63
54
61
59
64
64
60
63
56
54
62
59
62
56
57
59
60
58
61
49
57
60
62
60
61
59
53
61
61
60
58
58
57
57
55
59
61
57
63
62
54
58
65
61
64
60
63
62
59
59
59
60
62
51
58
61
58
61
60
61
56
63
60
59
59
62
60
58
59
62
56
60
63
57
60
60
53
60
63
59
59
60
58
59
60
58
61
60
61
58
61
62
58
62
62
61
63
56
60
61
59
62
59
60
62
64
62
60
57
60
57
58
62
55
59
57
61
57
58
62
64
60
57
62
60
62
62
60
63
65
60
60
55
61
61
60
59
61
61
58
61
59
59
59
63
59
58
54
59
61
55
60
59
61
60
55
58
58
54
59
57
60
56
56
62
61
59
60
59
59
60
60
65
59
55
61
64
64
62
54
62
61
58
64
61
64
51
61
61
60
53
63
57
62
60
60
61
59
60
62
57
60
57
60
61
65
64
60
55
61
57
62
61
62
60
59
60
60
55
55
61
61
63
60
61
62
61
54
57
60
66
60
60
61
58
53
62
62
59
63
61
63
62
57
63
60
59
62
62
61
58
56
60
62
57
60
58
57
61
57
61
58
63
59
59
57
61
63
59
58
61
63
61
58
57
56
61
62
61
59
55
58
61
58
65
60
57
56
60
59
61
63
60
57
57
60
56
60
63
51
56
63
62
59
60
59
61
60
60
59
60
57
64
62
63
63
62
59
64
61
60
64
61
61
59
57
58
60
59
60
58
59
58
59
62
65
58
59
62
61
59
61
61
62
61
63
62
59
61
58
57
59
58
57
59
58
61
63
63
53
60
61
62
62
58
62
61
53
60
60
59
62
57
60
57
61
60
61
57
59
60
60
60
58
60
60
59
62
62
57
62
61
61
61
59
61
64
65
60
63
59
61
58
59
57
60
58
61
59
57
60
60
56
61
59
60
58
61
61
60
63
62
64
60
58
61
61
61
61
62
58
63
59
58
60
54
59
57
63
64
57
59
62
57
64
57
61
57
61
61
59
59
59
60
61
65
60
59
55
63
64
58
60
62
61
58
57
61
64
61
65
57
59
58
63
56
63
56
58
62
62
59
62
64
64
60
61
63
61
62
59
56
60
60
58
62
55
60
60
59
58
64
58
62
56
59
64
59
60
61
63
61
59
60
57
62
57
58
54
59
61
60
57
63
58
56
60
63
63
60
59
59
56
59
59
58
53
60
60
59
62
61
56
63
57
62
59
60
61
61
62
58
58
59
60
63
60
58
59
64
63
60
58
58
58
59
60
60
60
59
52
60
57
58
57
63
56
61
58
60
58
58
61
58
55
61
62
64
57
57
59
61
58
63
61
59
58
55
62
63
55
57
57
62
60
64
58
60
62
59
59
56
61
60
59
58
59
59
58
59
59
62
55
59
62
61
59
60
60
61
61
64
58
59
61
57
62
61
58
57
66
53
55
67
56
60
59
62
62
59
58
57
58
62
61
53
55
60
56
56
56
62
62
59
62
65
64
60
57
56
61
65
60
61
59
63
55
61
61
56
62
62
59
61
64
63
60
59
58
57
59
59
56
62
59
59
58
57
56
61
61
59
59
57
61
56
60
63
53
62
59
57
59
60
59
57
60
64
62
61
61
59
64
58
63
56
60
63
60
60
61
55
61
60
59
63
66
65
62
58
62
63
58
56
60
63
55
59
60
61
62
64
60
56
61
62
59
60
61
61
61
64
57
57
61
64
63
63
58
57
59
60
61
55
66
63
63
64
61
61
61
59
66
50
58
59
57
63
62
57
55
54
58
66
58
62
58
61
58
56
56
55
61
62
60
61
59
60
62
57
68
61
61
61
57
55
60
62
61
57
61
63
62
61
62
60
61
62
63
58
62
63
57
62
60
57
59
60
60
61
59
65
61
63
59
62
63
59
62
58
64
57
60
62
60
59
59
61
62
60
60
63
62
60
66
56
54
54
60
59
62
59
61
60
57
62
61
61
61
64
61
62
62
62
58
58
59
56
62
63
64
61
65
62
61
56
62
63
64
62
65
61
60
58
64
60
62
62
57
55
59
61
60
60
63
60
59
60
57
56
54
61
63
63
63
56
62
57
60
64
58
59
60
65
64
62
61
58
63
