2314140
11685360
157783
6754470
12810950
35503
23570486
42694797
2399262
31091827
22202089
4468612
2957
30239048
7015038
4407592
5692442
2976812
5659752
5773262
10832736
58789495
430129
3999152
3168551
10162082
37109758
1273030
85093515
1893095
1759600
34421152
234420
27364881
33149676
2109730
1727772
16082022
19502751
46440444
1081708
7628519
8187106
60558392
1388512
23397295
25194216
34955521
31681387
1741508
42976975
666756
33788508
28885456
34564004
7752928
24534059
23587836
6317455
7783008
16148393
115
73801456
5132027
882515
8906477
645733
694786
14884042
54577570
11097339
1147690
43545633
11946314
13818289
74080563
3610012
4287937
63718100
1647226
20329318
78040558
49966421
804245
2131365
10285633
39366459
21884159
33977415
16486672
4570800
5681596
42158476
54730794
4247463
11353569
65918973
3420392
566882
43401764
