764428957
748978390
542767378
711804970
195755184
632299403
378357523
519951461
66938234
545479553
588774361
590193898
412287796
31823771
40646163
2200864
229587764
713923601
752871640
518349947
798214668
125585650
72102876
711018980
902309410
860629085
466706806
135370403
822425885
986539503
713858802
810388875
759919859
906802612
21771360
692829424
544506430
242520068
34898533
5682308
117205133
697102428
524032265
758087931
238737180
230200801
887941644
237931653
637148066
164785978
83345557
10230708
95280516
216119531
142919478
857849163
286594879
874817178
904807923
535207538
448892693
323439560
307272008
708859844
362046840
699074162
463851852
540537355
602740183
67808412
985824715
711135698
856894278
229417144
12093032
445683292
503669629
925872496
623084224
827533837
547665381
343744625
150279013
850739399
979079530
440275487
653635313
331102688
840549497
806064864
491721750
535754756
624556953
976429369
449484714
145226176
737170307
873680176
895229110
713211213
