98
1729322946
114
2857689246
110
2275945938
54
5001072420
48
4826456694
84
7533343179
81
2283740247
328
8046079873
84
2606200996
30
8691635520
40
12143538966
60
24430583900
315
4195949830
52
1176998008
42
4740674883
80
2670692478
99
3515738904
50
5299346022
110
5168260629
48
6032301830
80
3059068428
70
1970132604
28
9721219570
91
4093956365
55
7404777820
329
1660186452
110
4731603305
110
3478184110
48
2804358225
50
1766254772
70
5240081106
102
2722724421
140
15868793084
63
21089880336
98
3313976481
100
1869025731
60
7227492056
40
2584908453
40
13675046028
45
8905998276
70
1950566256
88
2545433870
92
2343984856
75
996392303
35
10623359292
54
9103320108
105
1904888262
72
7455835552
78
2194680597
48
1405800012
38
12205595580
135
3580668435
140
19060532550
78
12804182846
189
2602519491
192
17728492887
160
9816968126
112
1647135084
32
1573078654
42
908928817
18
2031140308
115
4273623520
110
6973435824
44
6265242660
144
6045294276
78
1259605294
370
862708409
40
3773114472
72
1823336500
160
937168012
27
2172251166
80
316956339
36
259409060
26
79963210
30
144119820
24
172123066
20
118101525
19
2384672584
27
1392494624
32
1838917092
54
285366880
50
1861116426
15
1708741875
21
1608759632
18
162487728
18
727164852
21
171758826
42
600168048
21
260865340
16
320996705
28
716452320
60
719595039
19
1734978940
22
104096060
24
273166200
22
411522652
55
2270042820
29
1133653944
150
1959069448
30
1375531488
70
2302653600
28
132933744
26
45930510
24
3075911802
23
220362025
32
187927092
18
611736297
21
2897359324
21
948960908
16
448694610
33
651818020
21
377137014
30
350534875
70
467826230
27
659917401
18
22582711
24
1588987772
21
1695721200
99
860024010
18
1344228687
20
1477870980
30
1413508746
30
106465632
30
511273275
24
1180495602
18
227665307
30
3
18
796937535
453590372
18
2
3
14
60
582416974
1899740596
8
7
8
121912336
8
191676544
856856751
705953776
715753233
1504249290
10
8
3
9
426476011
5
96
15142070825
16
1966182484
45
10298404620
54
267631407
240
13021562526
21
1694257434
56
2402008912
72
1399930655
17
136008024
64
10495241694
21
20318317383
88
561738555
120
2807795991
36
1345525006
190
4489487120
80
1292066288
48
1348665579
96
22867051836
30
10026692507
216
367256568
195
2118205785
34
4725627156
80
4532067192
50
4000508260
90
2477612928
192
2136689252
85
812298848
180
4652732318
45
2853744225
50
1889179352
32
1980762278
266
3660600284
40
10973921988
120
6488500970
54
32198276440
86
886090150
56
3415593230
75
1759223121
220
8370522611
35
3343997780
140
19958659296
16
2669843375
70
5718335490
100
1885191360
15
919850076
224
1697153166
28
2354677590
48
1424339080
48
1053200180
60
14958775164
30
1999675152
48
1812355016
35
10466650656
21
43904756488
72
1793472240
40
4231268640
54
4082255425
26
86602192
32
4734793960
15
12645703070
33
2550707490
205
3230949616
56
6197099712
27
6473947326
54
11294597016
18
8712224325
100
10409888599
90
1374981068
288
770165110
156
317475375
136
2914145460
70
3155735515
42
2936494827
45
2675377830
33
2607783612
280
2724726264
27
1758662312
135
9221040150
210
1796708520
260
378603573
35
3887948772
96
2705522424
15
3478356915
36
824705758
96
5810520204
828
2458471593
430
3183508244
315
57925310916
1377
254961886761
1071
1912674352
560
3263250488
1302
170643513531
520
12862389495
600
126432839463
1659
1973045984
1176
2729440740
470
84878971875
308
93074955750
390
33721903077
432
411941339992
264
12624676356
312
16382047034
174
600921531
172
26518808345
297
85629185
217
19189526709
172
1544683600
445
10448498424
680
12601503450
181
11776171563
